<?xml version="1.0" encoding="UTF-8"?>
<!-- Generated by org.testng.reporters.JUnitXMLReporter -->
<testsuite ignored="1" hostname="LAPTOP-SC1CM3T2" failures="0" tests="1" name="Default test" time="0.067" errors="0" timestamp="2023-10-27T17:48:18 IST">
  <testcase classname="testprscticeng.testngtest_arithmatic" name="divisionWithException" time="0.011"/>
  <testcase classname="testprscticeng.testngtest_arithmatic" name="divisionWithException2" time="0.0">
    <ignored/>
  </testcase> <!-- divisionWithException2 -->
</testsuite> <!-- Default test -->
